


ARM Macro Assembler    Page 1 


    1 00000000         ; EXPERIMENT_8 Title for the code
    2 00000000                 AREA             code_area, CODE, READONLY ;Tell
                                                            ing uVision that th
                                                            is part is code reg
                                                            ion
    3 00000000                 EXPORT           __main      ;exporting to main
    4 00000000                 ALIGN                        ;To align everythin
                                                            g automatically
    5 00000000                 ENTRY
    6 00000000         __main  PROC                         ;Starting of the ma
                                                            in function
    7 00000000 4B0D            LDR              R3, _size
    8 00000002 1E5B            SUBS             R3, R3, #1  ;r3 having array si
                                                            ze
    9 00000004 2200            MOVS             R2, #0      ;counter
   10 00000006 A408            ADR              R4, _array
   11 00000008 6820            LDR              R0, [R4]
   12 0000000A 1D24            ADDS             R4, R4, #4
   13 0000000C 1C52            ADDS             R2, R2, #1
   14 0000000E 429A    _loop   CMP              R2, R3
   15 00000010 D008            BEQ              _end
   16 00000012 6825            LDR              R5, [R4]
   17 00000014 1D24            ADDS             R4, R4, #4
   18 00000016 1C52            ADDS             R2, R2, #1
   19 00000018 4285            CMP              R5, R0
   20 0000001A DC00            BGT              _max
   21 0000001C E7F7            B                _loop
   22 0000001E 0028    _max    MOVS             R0, R5
   23 00000020 0011            MOVS             R1, R2
   24 00000022 E7F4            B                _loop
   25 00000024 E7FE    _end    B                _end
   26 00000026                 ENDP
   27 00000026         
   28 00000026 00 00 00000001 
              00000015 
              00000003 
              FFFFFFFF _array  DCD              1, 21, 3, -1
   29 00000038 00000004 
                       _size   DCD              4
   30 0000003C         
   31 0000003C                 END
Command Line: --debug --xref --diag_suppress=9931 --cpu=Cortex-M0+ --apcs=inter
work --depend=.\objects\exercise_8.d -o.\objects\exercise_8.o -I.\RTE\Device\MK
L25Z128xxx4 -I.\RTE\_Target_1 -IC:\Users\super\AppData\Local\Arm\Packs\ARM\CMSI
S\5.6.0\CMSIS\Core\Include -IC:\Users\super\AppData\Local\Arm\Packs\Keil\Kineti
s_KLxx_DFP\1.15.0\Device\Include --predefine="__EVAL SETA 1" --predefine="__UVI
SION_VERSION SETA 529" --predefine="_RTE_ SETA 1" --predefine="MKL25Z128xxx4 SE
TA 1" --list=.\listings\exercise_8.lst Exercise_8.s



ARM Macro Assembler    Page 1 Alphabetic symbol ordering
Relocatable symbols

__main 00000000

Symbol: __main
   Definitions
      At line 6 in file Exercise_8.s
   Uses
      At line 3 in file Exercise_8.s
Comment: __main used once
_array 00000028

Symbol: _array
   Definitions
      At line 28 in file Exercise_8.s
   Uses
      At line 10 in file Exercise_8.s
Comment: _array used once
_end 00000024

Symbol: _end
   Definitions
      At line 25 in file Exercise_8.s
   Uses
      At line 15 in file Exercise_8.s
      At line 25 in file Exercise_8.s

_loop 0000000E

Symbol: _loop
   Definitions
      At line 14 in file Exercise_8.s
   Uses
      At line 21 in file Exercise_8.s
      At line 24 in file Exercise_8.s

_max 0000001E

Symbol: _max
   Definitions
      At line 22 in file Exercise_8.s
   Uses
      At line 20 in file Exercise_8.s
Comment: _max used once
_size 00000038

Symbol: _size
   Definitions
      At line 29 in file Exercise_8.s
   Uses
      At line 7 in file Exercise_8.s
Comment: _size used once
code_area 00000000

Symbol: code_area
   Definitions
      At line 2 in file Exercise_8.s
   Uses
      None
Comment: code_area unused
7 symbols



ARM Macro Assembler    Page 2 Alphabetic symbol ordering
Relocatable symbols

341 symbols in table
