


ARM Macro Assembler    Page 1 


    1 00000000         ;Provide a title for the program mentioning its purpose
    2 00000000                 AREA             code_area, CODE, READONLY
    3 00000000                 EXPORT           __main
    4 00000000                 ALIGN
    5 00000000                 ENTRY
    6 00000000         __main  PROC
    7 00000000 E000    pos1    B                pos3        ;Redirecting to the
                                                             memory address of 
                                                            pos3
    8 00000002 E000    pos2    B                pos4        ;Redirecting to the
                                                             memory address of 
                                                            pos4
    9 00000004 E7FD    pos3    B                pos2        ;Redirecting to the
                                                             memory address of 
                                                            pos2
   10 00000006 E7FB    pos4    B                pos1        ;Redirecting to the
                                                             memory address of 
                                                            pos1 and this loop 
                                                            of redirecting will
                                                             continue forever
   11 00000008 E7FE    here    B                here        ;infinite end loop
   12 0000000A                 ENDP
   13 0000000A                 END
Command Line: --debug --xref --diag_suppress=9931 --cpu=Cortex-M0+ --apcs=inter
work --depend=.\objects\exercise_3.d -o.\objects\exercise_3.o -I.\RTE\Device\MK
L25Z128xxx4 -I.\RTE\_Target_1 -IC:\Users\super\AppData\Local\Arm\Packs\ARM\CMSI
S\5.6.0\CMSIS\Core\Include -IC:\Users\super\AppData\Local\Arm\Packs\Keil\Kineti
s_KLxx_DFP\1.15.0\Device\Include --predefine="__EVAL SETA 1" --predefine="__UVI
SION_VERSION SETA 529" --predefine="_RTE_ SETA 1" --predefine="MKL25Z128xxx4 SE
TA 1" --list=.\listings\exercise_3.lst Exercise_3.s



ARM Macro Assembler    Page 1 Alphabetic symbol ordering
Relocatable symbols

__main 00000000

Symbol: __main
   Definitions
      At line 6 in file Exercise_3.s
   Uses
      At line 3 in file Exercise_3.s
Comment: __main used once
code_area 00000000

Symbol: code_area
   Definitions
      At line 2 in file Exercise_3.s
   Uses
      None
Comment: code_area unused
here 00000008

Symbol: here
   Definitions
      At line 11 in file Exercise_3.s
   Uses
      At line 11 in file Exercise_3.s
Comment: here used once
pos1 00000000

Symbol: pos1
   Definitions
      At line 7 in file Exercise_3.s
   Uses
      At line 10 in file Exercise_3.s
Comment: pos1 used once
pos2 00000002

Symbol: pos2
   Definitions
      At line 8 in file Exercise_3.s
   Uses
      At line 9 in file Exercise_3.s
Comment: pos2 used once
pos3 00000004

Symbol: pos3
   Definitions
      At line 9 in file Exercise_3.s
   Uses
      At line 7 in file Exercise_3.s
Comment: pos3 used once
pos4 00000006

Symbol: pos4
   Definitions
      At line 10 in file Exercise_3.s
   Uses
      At line 8 in file Exercise_3.s
Comment: pos4 used once
7 symbols
341 symbols in table
